<?xml version="1.0" encoding="UTF-8"?>
<testsuite name="com.studentapp.studentinfo.FirstSerenityTest" time="0.18" tests="8" errors="2" skipped="1" failures="1">
  <properties>
[...]
</properties>
  <testcase name="test001" classname="com.studentapp.studentinfo.FirstSerenityTest" time="0.139"/>
  <testcase name="thisIsManual" classname="com.studentapp.studentinfo.FirstSerenityTest" time="0"/>
  <testcase name="thisIsCompromised" classname="com.studentapp.studentinfo.FirstSerenityTest" time="0.001">
    <error message="E:\file.txt (The system cannot find the path specified)" type="java.io.FileNotFoundException"><![CDATA[java.io.FileNotFoundException: E:\file.txt (The system cannot find the path specified)
	at java.io.FileInputStream.open0(Native Method)
	at java.io.FileInputStream.open(FileInputStream.java:195)
	at java.io.FileInputStream.<init>(FileInputStream.java:138)
	at java.io.FileReader.<init>(FileReader.java:72)
	at com.studentapp.studentinfo.FirstSerenityTest.thisIsCompromised(FirstSerenityTest.java:68)
]]></error>
  </testcase>
  <testcase name="thisIsASkipped" classname="com.studentapp.studentinfo.FirstSerenityTest" time="0">
    <skipped/>
  </testcase>
  <testcase name="thisIsATestWithError" classname="com.studentapp.studentinfo.FirstSerenityTest" time="0">
    <error message="/ by zero" type="java.lang.ArithmeticException">java.lang.ArithmeticException: / by zero
	at com.studentapp.studentinfo.FirstSerenityTest.thisIsATestWithError(FirstSerenityTest.java:56)
</error>
  </testcase>
  <testcase name="thisIsAPending" classname="com.studentapp.studentinfo.FirstSerenityTest" time="0"/>
  <testcase name="getAllStudents" classname="com.studentapp.studentinfo.FirstSerenityTest" time="0.016"/>
  <testcase name="thisIsFailingTest" classname="com.studentapp.studentinfo.FirstSerenityTest" time="0.024">
    <failure message="1 expectation failed.&#10;Expected status code &lt;201&gt; but was &lt;200&gt;.&#10;" type="java.lang.AssertionError"><![CDATA[java.lang.AssertionError: 1 expectation failed.
Expected status code <201> but was <200>.

	at sun.reflect.NativeConstructorAccessorImpl.newInstance0(Native Method)
	at sun.reflect.NativeConstructorAccessorImpl.newInstance(NativeConstructorAccessorImpl.java:62)
	at sun.reflect.DelegatingConstructorAccessorImpl.newInstance(DelegatingConstructorAccessorImpl.java:45)
	at java.lang.reflect.Constructor.newInstance(Constructor.java:423)
	at org.codehaus.groovy.reflection.CachedConstructor.invoke(CachedConstructor.java:83)
	at org.codehaus.groovy.reflection.CachedConstructor.doConstructorInvoke(CachedConstructor.java:77)
	at org.codehaus.groovy.runtime.callsite.ConstructorSite$ConstructorSiteNoUnwrap.callConstructor(ConstructorSite.java:84)
	at org.codehaus.groovy.runtime.callsite.CallSiteArray.defaultCallConstructor(CallSiteArray.java:60)
	at org.codehaus.groovy.runtime.callsite.AbstractCallSite.callConstructor(AbstractCallSite.java:235)
	at org.codehaus.groovy.runtime.callsite.AbstractCallSite.callConstructor(AbstractCallSite.java:247)
	at io.restassured.internal.ResponseSpecificationImpl$HamcrestAssertionClosure.validate(ResponseSpecificationImpl.groovy:471)
	at io.restassured.internal.ResponseSpecificationImpl$HamcrestAssertionClosure$validate$1.call(Unknown Source)
	at io.restassured.internal.ResponseSpecificationImpl.validateResponseIfRequired(ResponseSpecificationImpl.groovy:636)
	at sun.reflect.NativeMethodAccessorImpl.invoke0(Native Method)
	at sun.reflect.NativeMethodAccessorImpl.invoke(NativeMethodAccessorImpl.java:62)
	at sun.reflect.DelegatingMethodAccessorImpl.invoke(DelegatingMethodAccessorImpl.java:43)
	at java.lang.reflect.Method.invoke(Method.java:498)
	at org.codehaus.groovy.runtime.callsite.PogoMetaMethodSite$PogoCachedMethodSiteNoUnwrapNoCoerce.invoke(PogoMetaMethodSite.java:210)
	at org.codehaus.groovy.runtime.callsite.PogoMetaMethodSite.callCurrent(PogoMetaMethodSite.java:59)
	at org.codehaus.groovy.runtime.callsite.AbstractCallSite.callCurrent(AbstractCallSite.java:166)
	at io.restassured.internal.ResponseSpecificationImpl.statusCode(ResponseSpecificationImpl.groovy:122)
	at io.restassured.specification.ResponseSpecification$statusCode$0.callCurrent(Unknown Source)
	at io.restassured.internal.ResponseSpecificationImpl.statusCode(ResponseSpecificationImpl.groovy:130)
	at io.restassured.internal.ValidatableResponseOptionsImpl.statusCode(ValidatableResponseOptionsImpl.java:117)
	at com.studentapp.studentinfo.FirstSerenityTest.thisIsFailingTest(FirstSerenityTest.java:39)
]]></failure>
    <system-out><![CDATA[HTTP/1.1 200 
Content-Type: application/json;charset=UTF-8
Transfer-Encoding: chunked
Date: Sat, 11 Jun 2022 13:47:59 GMT

[
    {
        "id": 1,
        "firstName": "Vernon",
        "lastName": "Harper",
        "email": "egestas.rhoncus.Proin@massaQuisqueporttitor.org",
        "programme": "Financial Analysis",
        "courses": [
            "Accounting",
            "Statistics"
        ]
    },
    {
        "id": 2,
        "firstName": "Murphy",
        "lastName": "Holmes",
        "email": "faucibus.orci.luctus@Duisac.net",
        "programme": "Financial Analysis",
        "courses": [
            "Accounting",
            "Statistics"
        ]
    },
    {
        "id": 3,
        "firstName": "Reece",
        "lastName": "Jason",
        "email": "tincidunt.dui@ultricessit.co.uk",
        "programme": "Computer Science",
        "courses": [
            "Calculus",
            "Algorithms",
            "Software Development",
            "Ethics"
        ]
    },
    {
        "id": 4,
        "firstName": "Orson",
        "lastName": "Armando",
        "email": "nascetur@conguea.com",
        "programme": "Computer Science",
        "courses": [
            "Calculus",
            "Algorithms",
            "Software Development",
            "Ethics"
        ]
    },
    {
        "id": 5,
        "firstName": "Cullen",
        "lastName": "Craig",
        "email": "imperdiet.ullamcorper@nonenimMauris.co.uk",
        "programme": "Disaster Management",
        "courses": [
            "Disaster Preparedness"
        ]
    },
    {
        "id": 6,
        "firstName": "Harper",
        "lastName": "Rashad",
        "email": "vestibulum@ridiculusmus.edu",
        "programme": "Disaster Management",
        "courses": [
            "Disaster Preparedness"
        ]
    },
    {
        "id": 7,
        "firstName": "Roth",
        "lastName": "Grant",
        "email": "eu.tellus@anuncIn.edu",
        "programme": "Mechanical Engineering",
        "courses": [
            "Machine Element Design",
            "Engineering Analysis I",
            "Calculus & Linear Algebra I "
        ]
    },
    {
        "id": 8,
        "firstName": "Jermaine",
        "lastName": "Alden",
        "email": "scelerisque.sed@senectuset.org",
        "programme": "Law",
        "courses": [
            "Criminal Law",
            "Constitutional Law",
            "Property Law",
            "Contracts"
        ]
    },
    {
        "id": 9,
        "firstName": "Sebastian",
        "lastName": "Jesse",
        "email": "faucibus@sed.co.uk",
        "programme": "Medicine",
        "courses": [
            "Anatomy",
            "Biochemistry",
            "Genetics",
            "Human Behavior."
        ]
    },
    {
        "id": 10,
        "firstName": "Todd",
        "lastName": "Beck",
        "email": "Fusce.dolor.quam@commodoauctor.org",
        "programme": "Financial Analysis",
        "courses": [
            "Accounting",
            "Statistics"
        ]
    },
    {
        "id": 11,
        "firstName": "Giacomo",
        "lastName": "Raphael",
        "email": "magnis.dis@idmagnaet.com",
        "programme": "Medicine",
        "courses": [
            "Anatomy",
            "Biochemistry",
            "Genetics",
            "Human Behavior."
        ]
    },
    {
        "id": 12,
        "firstName": "Chadwick",
        "lastName": "Lawrence",
        "email": "turpis.non.enim@sociisnatoque.com",
        "programme": "Criminology",
        "courses": [
            "Criminal Mind",
            "Gender, Crime and Justice ",
            "Philosophy of Law "
        ]
    },
    {
        "id": 13,
        "firstName": "Zachary",
        "lastName": "Vance",
        "email": "In.tincidunt.congue@Quisque.com",
        "programme": "Criminology",
        "courses": [
            "Criminal Mind",
            "Gender, Crime and Justice ",
            "Philosophy of Law "
        ]
    },
    {
        "id": 14,
        "firstName": "Denton",
        "lastName": "Walker",
        "email": "Integer.sem@iaculisodioNam.edu",
        "programme": "Mechanical Engineering",
        "courses": [
            "Machine Element Design",
            "Engineering Analysis I",
            "Calculus & Linear Algebra I "
        ]
    },
    {
        "id": 15,
        "firstName": "Hakeem",
        "lastName": "Fitzgerald",
        "email": "accumsan@luctuset.edu",
        "programme": "Financial Analysis",
        "courses": [
            "Accounting",
            "Statistics"
        ]
    },
    {
        "id": 16,
        "firstName": "Jakeem",
        "lastName": "Philip",
        "email": "montes.nascetur.ridiculus@loremDonec.com",
        "programme": "Mechanical Engineering",
        "courses": [
            "Machine Element Design",
            "Engineering Analysis I",
            "Calculus & Linear Algebra I "
        ]
    },
    {
        "id": 17,
        "firstName": "Amal",
        "lastName": "Emery",
        "email": "turpis.egestas.Aliquam@fermentum.net",
        "programme": "Computer Science",
        "courses": [
            "Calculus",
            "Algorithms",
            "Software Development",
            "Ethics"
        ]
    },
    {
        "id": 18,
        "firstName": "Reed",
        "lastName": "Wylie",
        "email": "Suspendisse.aliquet.sem@atrisus.org",
        "programme": "Medicine",
        "courses": [
            "Anatomy",
            "Biochemistry",
            "Genetics",
            "Human Behavior."
        ]
    },
    {
        "id": 19,
        "firstName": "Lev",
        "lastName": "Philip",
        "email": "dolor.elit.pellentesque@enimEtiamimperdiet.ca",
        "programme": "Computer Science",
        "courses": [
            "Calculus",
            "Algorithms",
            "Software Development",
            "Ethics"
        ]
    },
    {
        "id": 20,
        "firstName": "Lamar",
        "lastName": "Berk",
        "email": "leo.Vivamus@sit.org",
        "programme": "Medicine",
        "courses": [
            "Anatomy",
            "Biochemistry",
            "Genetics",
            "Human Behavior."
        ]
    },
    {
        "id": 21,
        "firstName": "Nathaniel",
        "lastName": "Colton",
        "email": "hendrerit@et.co.uk",
        "programme": "Medicine",
        "courses": [
            "Anatomy",
            "Biochemistry",
            "Genetics",
            "Human Behavior."
        ]
    },
    {
        "id": 22,
        "firstName": "Kennan",
        "lastName": "Jacob",
        "email": "vel.vulputate@vitaedolorDonec.ca",
        "programme": "Financial Analysis",
        "courses": [
            "Accounting",
            "Statistics"
        ]
    },
    {
        "id": 23,
        "firstName": "Omar",
        "lastName": "Colt",
        "email": "venenatis.a@Pellentesque.co.uk",
        "programme": "Mechanical Engineering",
        "courses": [
            "Machine Element Design",
            "Engineering Analysis I",
            "Calculus & Linear Algebra I "
        ]
    },
    {
        "id": 24,
        "firstName": "Tanek",
        "lastName": "Scott",
        "email": "Sed.malesuada@porttitoreros.ca",
        "programme": "Criminology",
        "courses": [
            "Criminal Mind",
            "Gender, Crime and Justice ",
            "Philosophy of Law "
        ]
    },
    {
        "id": 25,
        "firstName": "Paki",
        "lastName": "Samson",
        "email": "ornare@Mauriseuturpis.edu",
        "programme": "Law",
        "courses": [
            "Criminal Law",
            "Constitutional Law",
            "Property Law",
            "Contracts"
        ]
    },
    {
        "id": 26,
        "firstName": "James",
        "lastName": "Jonah",
        "email": "Nullam@Cras.net",
        "programme": "Mechanical Engineering",
        "courses": [
            "Machine Element Design",
            "Engineering Analysis I",
            "Calculus & Linear Algebra I "
        ]
    },
    {
        "id": 27,
        "firstName": "Cade",
        "lastName": "Vernon",
        "email": "pharetra.sed@Aliquamvulputateullamcorper.ca",
        "programme": "Mechanical Engineering",
        "courses": [
            "Machine Element Design",
            "Engineering Analysis I",
            "Calculus & Linear Algebra I "
        ]
    },
    {
        "id": 28,
        "firstName": "Quentin",
        "lastName": "Chadwick",
        "email": "sed.turpis.nec@risusQuisque.ca",
        "programme": "Mechanical Engineering",
        "courses": [
            "Machine Element Design",
            "Engineering Analysis I",
            "Calculus & Linear Algebra I "
        ]
    },
    {
        "id": 29,
        "firstName": "Arden",
        "lastName": "Abel",
        "email": "consequat.enim@ultricessit.com",
        "programme": "Law",
        "courses": [
            "Criminal Law",
            "Constitutional Law",
            "Property Law",
            "Contracts"
        ]
    },
    {
        "id": 30,
        "firstName": "Lars",
        "lastName": "Keith",
        "email": "Fusce@Quisquefringillaeuismod.org",
        "programme": "Medicine",
        "courses": [
            "Anatomy",
            "Biochemistry",
            "Genetics",
            "Human Behavior."
        ]
    },
    {
        "id": 31,
        "firstName": "Emmanuel",
        "lastName": "Gavin",
        "email": "ornare.libero@perinceptoshymenaeos.co.uk",
        "programme": "Criminology",
        "courses": [
            "Criminal Mind",
            "Gender, Crime and Justice ",
            "Philosophy of Law "
        ]
    },
    {
        "id": 32,
        "firstName": "Noah",
        "lastName": "Oren",
        "email": "Proin.vel@placerat.org",
        "programme": "Law",
        "courses": [
            "Criminal Law",
            "Constitutional Law",
            "Property Law",
            "Contracts"
        ]
    },
    {
        "id": 33,
        "firstName": "Mason",
        "lastName": "Barry",
        "email": "id@incursus.co.uk",
        "programme": "Law",
        "courses": [
            "Criminal Law",
            "Constitutional Law",
            "Property Law",
            "Contracts"
        ]
    },
    {
        "id": 34,
        "firstName": "Elliott",
        "lastName": "Brady",
        "email": "Vestibulum@adlitora.net",
        "programme": "Law",
        "courses": [
            "Criminal Law",
            "Constitutional Law",
            "Property Law",
            "Contracts"
        ]
    },
    {
        "id": 35,
        "firstName": "Nero",
        "lastName": "Brett",
        "email": "amet.ante@sit.com",
        "programme": "Disaster Management",
        "courses": [
            "Disaster Preparedness"
        ]
    },
    {
        "id": 36,
        "firstName": "Elvis",
        "lastName": "Abraham",
        "email": "neque@interdumfeugiat.net",
        "programme": "Disaster Management",
        "courses": [
            "Disaster Preparedness"
        ]
    },
    {
        "id": 37,
        "firstName": "Kieran",
        "lastName": "Ross",
        "email": "magnis.dis.parturient@laciniaorci.edu",
        "programme": "Disaster Management",
        "courses": [
            "Disaster Preparedness"
        ]
    },
    {
        "id": 38,
        "firstName": "Noah",
        "lastName": "Merrill",
        "email": "et@ipsum.net",
        "programme": "Medicine",
        "courses": [
            "Anatomy",
            "Biochemistry",
            "Genetics",
            "Human Behavior."
        ]
    },
    {
        "id": 39,
        "firstName": "Peter",
        "lastName": "Noble",
        "email": "turpis@sagittisplaceratCras.ca",
        "programme": "Computer Science",
        "courses": [
            "Calculus",
            "Algorithms",
            "Software Development",
            "Ethics"
        ]
    },
    {
        "id": 40,
        "firstName": "Axel",
        "lastName": "Bradley",
        "email": "ridiculus.mus@tempus.net",
        "programme": "Mechanical Engineering",
        "courses": [
            "Machine Element Design",
            "Engineering Analysis I",
            "Calculus & Linear Algebra I "
        ]
    },
    {
        "id": 41,
        "firstName": "Hashim",
        "lastName": "Chancellor",
        "email": "at.pretium@eleifendvitae.net",
        "programme": "Medicine",
        "courses": [
            "Anatomy",
            "Biochemistry",
            "Genetics",
            "Human Behavior."
        ]
    },
    {
        "id": 42,
        "firstName": "Alan",
        "lastName": "Connor",
        "email": "vel.turpis.Aliquam@metus.org",
        "programme": "Mechanical Engineering",
        "courses": [
            "Machine Element Design",
            "Engineering Analysis I",
            "Calculus & Linear Algebra I "
        ]
    },
    {
        "id": 43,
        "firstName": "Abel",
        "lastName": "Rudyard",
        "email": "orci.luctus.et@posuere.com",
        "programme": "Computer Science",
        "courses": [
            "Calculus",
            "Algorithms",
            "Software Development",
            "Ethics"
        ]
    },
    {
        "id": 44,
        "firstName": "Cedric",
        "lastName": "Zeus",
        "email": "Quisque.tincidunt@nullaanteiaculis.co.uk",
        "programme": "Law",
        "courses": [
            "Criminal Law",
            "Constitutional Law",
            "Property Law",
            "Contracts"
        ]
    },
    {
        "id": 45,
        "firstName": "Boris",
        "lastName": "Kato",
        "email": "dictum@tortorInteger.org",
        "programme": "Medicine",
        "courses": [
            "Anatomy",
            "Biochemistry",
            "Genetics",
            "Human Behavior."
        ]
    },
    {
        "id": 46,
        "firstName": "Walter",
        "lastName": "Phelan",
        "email": "diam@nectellusNunc.edu",
        "programme": "Law",
        "courses": [
            "Criminal Law",
            "Constitutional Law",
            "Property Law",
            "Contracts"
        ]
    },
    {
        "id": 47,
        "firstName": "Preston",
        "lastName": "Branden",
        "email": "sagittis.semper@urnaNullam.net",
        "programme": "Criminology",
        "courses": [
            "Criminal Mind",
            "Gender, Crime and Justice ",
            "Philosophy of Law "
        ]
    },
    {
        "id": 48,
        "firstName": "Kane",
        "lastName": "Alec",
        "email": "dignissim.Maecenas.ornare@adui.edu",
        "programme": "Law",
        "courses": [
            "Criminal Law",
            "Constitutional Law",
            "Property Law",
            "Contracts"
        ]
    },
    {
        "id": 49,
        "firstName": "Igor",
        "lastName": "Ezra",
        "email": "cursus.non.egestas@laciniaorci.net",
        "programme": "Criminology",
        "courses": [
            "Criminal Mind",
            "Gender, Crime and Justice ",
            "Philosophy of Law "
        ]
    },
    {
        "id": 50,
        "firstName": "Yoshio",
        "lastName": "Kato",
        "email": "Vivamus.rhoncus@semutcursus.ca",
        "programme": "Disaster Management",
        "courses": [
            "Disaster Preparedness"
        ]
    },
    {
        "id": 51,
        "firstName": "Fletcher",
        "lastName": "Vance",
        "email": "orci.lacus@hendreritDonecporttitor.net",
        "programme": "Computer Science",
        "courses": [
            "Calculus",
            "Algorithms",
            "Software Development",
            "Ethics"
        ]
    },
    {
        "id": 52,
        "firstName": "Burton",
        "lastName": "Merrill",
        "email": "mauris@malesuada.ca",
        "programme": "Law",
        "courses": [
            "Criminal Law",
            "Constitutional Law",
            "Property Law",
            "Contracts"
        ]
    },
    {
        "id": 53,
        "firstName": "Rafael",
        "lastName": "Vladimir",
        "email": "mauris.ipsum.porta@sit.ca",
        "programme": "Law",
        "courses": [
            "Criminal Law",
            "Constitutional Law",
            "Property Law",
            "Contracts"
        ]
    },
    {
        "id": 54,
        "firstName": "Dolan",
        "lastName": "Hyatt",
        "email": "augue.malesuada@Pellentesqueut.net",
        "programme": "Computer Science",
        "courses": [
            "Calculus",
            "Algorithms",
            "Software Development",
            "Ethics"
        ]
    },
    {
        "id": 55,
        "firstName": "Driscoll",
        "lastName": "Russell",
        "email": "Lorem.ipsum.dolor@eu.co.uk",
        "programme": "Computer Science",
        "courses": [
            "Calculus",
            "Algorithms",
            "Software Development",
            "Ethics"
        ]
    },
    {
        "id": 56,
        "firstName": "Boris",
        "lastName": "Dexter",
        "email": "purus@mollis.co.uk",
        "programme": "Law",
        "courses": [
            "Criminal Law",
            "Constitutional Law",
            "Property Law",
            "Contracts"
        ]
    },
    {
        "id": 57,
        "firstName": "Maxwell",
        "lastName": "Tarik",
        "email": "pharetra.Quisque.ac@facilisisSuspendisse.edu",
        "programme": "Criminology",
        "courses": [
            "Criminal Mind",
            "Gender, Crime and Justice ",
            "Philosophy of Law "
        ]
    },
    {
        "id": 58,
        "firstName": "Nero",
        "lastName": "Ulysses",
        "email": "inceptos.hymenaeos.Mauris@Proin.edu",
        "programme": "Financial Analysis",
        "courses": [
            "Accounting",
            "Statistics"
        ]
    },
    {
        "id": 59,
        "firstName": "Chase",
        "lastName": "Laith",
        "email": "ridiculus.mus.Donec@netus.org",
        "programme": "Mechanical Engineering",
        "courses": [
            "Machine Element Design",
            "Engineering Analysis I",
            "Calculus & Linear Algebra I "
        ]
    },
    {
        "id": 60,
        "firstName": "Dominic",
        "lastName": "Malcolm",
        "email": "mi.felis.adipiscing@liberoettristique.edu",
        "programme": "Criminology",
        "courses": [
            "Criminal Mind",
            "Gender, Crime and Justice ",
            "Philosophy of Law "
        ]
    },
    {
        "id": 61,
        "firstName": "Ross",
        "lastName": "Hedley",
        "email": "Ut.tincidunt.vehicula@nuncidenim.edu",
        "programme": "Criminology",
        "courses": [
            "Criminal Mind",
            "Gender, Crime and Justice ",
            "Philosophy of Law "
        ]
    },
    {
        "id": 62,
        "firstName": "Abel",
        "lastName": "Garrett",
        "email": "rhoncus@sociisnatoquepenatibus.ca",
        "programme": "Financial Analysis",
        "courses": [
            "Accounting",
            "Statistics"
        ]
    },
    {
        "id": 63,
        "firstName": "Nero",
        "lastName": "Clarke",
        "email": "eget.metus.In@disparturientmontes.org",
        "programme": "Computer Science",
        "courses": [
            "Calculus",
            "Algorithms",
            "Software Development",
            "Ethics"
        ]
    },
    {
        "id": 64,
        "firstName": "Thane",
        "lastName": "Carl",
        "email": "ut.nulla@netuset.co.uk",
        "programme": "Criminology",
        "courses": [
            "Criminal Mind",
            "Gender, Crime and Justice ",
            "Philosophy of Law "
        ]
    },
    {
        "id": 65,
        "firstName": "Jerome",
        "lastName": "Jackson",
        "email": "ac.turpis@facilisislorem.net",
        "programme": "Computer Science",
        "courses": [
            "Calculus",
            "Algorithms",
            "Software Development",
            "Ethics"
        ]
    },
    {
        "id": 66,
        "firstName": "Tate",
        "lastName": "Martin",
        "email": "ante.blandit@semeget.org",
        "programme": "Law",
        "courses": [
            "Criminal Law",
            "Constitutional Law",
            "Property Law",
            "Contracts"
        ]
    },
    {
        "id": 67,
        "firstName": "Caldwell",
        "lastName": "Daniel",
        "email": "lobortis@nequevenenatislacus.net",
        "programme": "Medicine",
        "courses": [
            "Anatomy",
            "Biochemistry",
            "Genetics",
            "Human Behavior."
        ]
    },
    {
        "id": 68,
        "firstName": "Lucian",
        "lastName": "Holmes",
        "email": "Cras@lorem.org",
        "programme": "Medicine",
        "courses": [
            "Anatomy",
            "Biochemistry",
            "Genetics",
            "Human Behavior."
        ]
    },
    {
        "id": 69,
        "firstName": "Akeem",
        "lastName": "Herrod",
        "email": "vel.venenatis@Nullamvelit.com",
        "programme": "Disaster Management",
        "courses": [
            "Disaster Preparedness"
        ]
    },
    {
        "id": 70,
        "firstName": "Vance",
        "lastName": "Colin",
        "email": "quam.vel.sapien@vellectusCum.org",
        "programme": "Disaster Management",
        "courses": [
            "Disaster Preparedness"
        ]
    },
    {
        "id": 71,
        "firstName": "Austin",
        "lastName": "Jelani",
        "email": "Nulla@nuncid.net",
        "programme": "Medicine",
        "courses": [
            "Anatomy",
            "Biochemistry",
            "Genetics",
            "Human Behavior."
        ]
    },
    {
        "id": 72,
        "firstName": "Jackson",
        "lastName": "Honorato",
        "email": "In@vestibulumlorem.com",
        "programme": "Criminology",
        "courses": [
            "Criminal Mind",
            "Gender, Crime and Justice ",
            "Philosophy of Law "
        ]
    },
    {
        "id": 73,
        "firstName": "Lee",
        "lastName": "Acton",
        "email": "rutrum@mattis.org",
        "programme": "Mechanical Engineering",
        "courses": [
            "Machine Element Design",
            "Engineering Analysis I",
            "Calculus & Linear Algebra I "
        ]
    },
    {
        "id": 74,
        "firstName": "Aquila",
        "lastName": "Sylvester",
        "email": "Aliquam.ultrices.iaculis@duiquisaccumsan.co.uk",
        "programme": "Criminology",
        "courses": [
            "Criminal Mind",
            "Gender, Crime and Justice ",
            "Philosophy of Law "
        ]
    },
    {
        "id": 75,
        "firstName": "Baker",
        "lastName": "Cairo",
        "email": "fermentum@diam.com",
        "programme": "Financial Analysis",
        "courses": [
            "Accounting",
            "Statistics"
        ]
    },
    {
        "id": 76,
        "firstName": "Samuel",
        "lastName": "Kibo",
        "email": "semper@enimcommodohendrerit.co.uk",
        "programme": "Criminology",
        "courses": [
            "Criminal Mind",
            "Gender, Crime and Justice ",
            "Philosophy of Law "
        ]
    },
    {
        "id": 77,
        "firstName": "Byron",
        "lastName": "Warren",
        "email": "enim.Etiam.imperdiet@sitamet.ca",
        "programme": "Mechanical Engineering",
        "courses": [
            "Machine Element Design",
            "Engineering Analysis I",
            "Calculus & Linear Algebra I "
        ]
    },
    {
        "id": 78,
        "firstName": "Declan",
        "lastName": "Barclay",
        "email": "Proin.nisl.sem@Aliquamnecenim.org",
        "programme": "Mechanical Engineering",
        "courses": [
            "Machine Element Design",
            "Engineering Analysis I",
            "Calculus & Linear Algebra I "
        ]
    },
    {
        "id": 79,
        "firstName": "Robert",
        "lastName": "Cullen",
        "email": "in.dolor@pede.co.uk",
        "programme": "Disaster Management",
        "courses": [
            "Disaster Preparedness"
        ]
    },
    {
        "id": 80,
        "firstName": "Troy",
        "lastName": "Simon",
        "email": "Cras.vulputate.velit@ornare.org",
        "programme": "Criminology",
        "courses": [
            "Criminal Mind",
            "Gender, Crime and Justice ",
            "Philosophy of Law "
        ]
    },
    {
        "id": 81,
        "firstName": "Tiger",
        "lastName": "Wylie",
        "email": "risus.quis.diam@Proin.ca",
        "programme": "Disaster Management",
        "courses": [
            "Disaster Preparedness"
        ]
    },
    {
        "id": 82,
        "firstName": "Herrod",
        "lastName": "Adam",
        "email": "hendrerit.neque@a.co.uk",
        "programme": "Medicine",
        "courses": [
            "Anatomy",
            "Biochemistry",
            "Genetics",
            "Human Behavior."
        ]
    },
    {
        "id": 83,
        "firstName": "Yuli",
        "lastName": "Griffin",
        "email": "ipsum.non@vitae.co.uk",
        "programme": "Criminology",
        "courses": [
            "Criminal Mind",
            "Gender, Crime and Justice ",
            "Philosophy of Law "
        ]
    },
    {
        "id": 84,
        "firstName": "Chancellor",
        "lastName": "Ali",
        "email": "ultrices@Nullam.net",
        "programme": "Medicine",
        "courses": [
            "Anatomy",
            "Biochemistry",
            "Genetics",
            "Human Behavior."
        ]
    },
    {
        "id": 85,
        "firstName": "Charles",
        "lastName": "Randall",
        "email": "ipsum.porta.elit@morbitristique.net",
        "programme": "Law",
        "courses": [
            "Criminal Law",
            "Constitutional Law",
            "Property Law",
            "Contracts"
        ]
    },
    {
        "id": 86,
        "firstName": "Lucius",
        "lastName": "Gage",
        "email": "auctor.vitae.aliquet@parturient.org",
        "programme": "Disaster Management",
        "courses": [
            "Disaster Preparedness"
        ]
    },
    {
        "id": 87,
        "firstName": "Richard",
        "lastName": "Dane",
        "email": "Nulla.eget@musDonecdignissim.co.uk",
        "programme": "Mechanical Engineering",
        "courses": [
            "Machine Element Design",
            "Engineering Analysis I",
            "Calculus & Linear Algebra I "
        ]
    },
    {
        "id": 88,
        "firstName": "Addison",
        "lastName": "Jermaine",
        "email": "est.Mauris@et.co.uk",
        "programme": "Disaster Management",
        "courses": [
            "Disaster Preparedness"
        ]
    },
    {
        "id": 89,
        "firstName": "Acton",
        "lastName": "Elliott",
        "email": "sem.eget@posuerecubiliaCurae.ca",
        "programme": "Medicine",
        "courses": [
            "Anatomy",
            "Biochemistry",
            "Genetics",
            "Human Behavior."
        ]
    },
    {
        "id": 90,
        "firstName": "Channing",
        "lastName": "Howard",
        "email": "est.congue@velit.com",
        "programme": "Medicine",
        "courses": [
            "Anatomy",
            "Biochemistry",
            "Genetics",
            "Human Behavior."
        ]
    },
    {
        "id": 91,
        "firstName": "Darius",
        "lastName": "Nehru",
        "email": "risus.varius.orci@sitamet.edu",
        "programme": "Medicine",
        "courses": [
            "Anatomy",
            "Biochemistry",
            "Genetics",
            "Human Behavior."
        ]
    },
    {
        "id": 92,
        "firstName": "Walter",
        "lastName": "Arsenio",
        "email": "a.ultricies@duiFusce.edu",
        "programme": "Financial Analysis",
        "courses": [
            "Accounting",
            "Statistics"
        ]
    },
    {
        "id": 93,
        "firstName": "Dieter",
        "lastName": "Matthew",
        "email": "a@pretium.ca",
        "programme": "Mechanical Engineering",
        "courses": [
            "Machine Element Design",
            "Engineering Analysis I",
            "Calculus & Linear Algebra I "
        ]
    },
    {
        "id": 94,
        "firstName": "Evan",
        "lastName": "Yoshio",
        "email": "sapien.gravida.non@noncursus.com",
        "programme": "Financial Analysis",
        "courses": [
            "Accounting",
            "Statistics"
        ]
    },
    {
        "id": 95,
        "firstName": "Hamilton",
        "lastName": "Dennis",
        "email": "luctus.lobortis@nonbibendumsed.com",
        "programme": "Mechanical Engineering",
        "courses": [
            "Machine Element Design",
            "Engineering Analysis I",
            "Calculus & Linear Algebra I "
        ]
    },
    {
        "id": 96,
        "firstName": "Gavin",
        "lastName": "Driscoll",
        "email": "lacinia.mattis@risusDonec.net",
        "programme": "Medicine",
        "courses": [
            "Anatomy",
            "Biochemistry",
            "Genetics",
            "Human Behavior."
        ]
    },
    {
        "id": 97,
        "firstName": "Brendan",
        "lastName": "Allistair",
        "email": "Nunc.laoreet@Sed.ca",
        "programme": "Computer Science",
        "courses": [
            "Calculus",
            "Algorithms",
            "Software Development",
            "Ethics"
        ]
    },
    {
        "id": 98,
        "firstName": "Gary",
        "lastName": "Robert",
        "email": "molestie@vitaesemper.ca",
        "programme": "Computer Science",
        "courses": [
            "Calculus",
            "Algorithms",
            "Software Development",
            "Ethics"
        ]
    },
    {
        "id": 99,
        "firstName": "Fletcher",
        "lastName": "Brenden",
        "email": "semper@nequesed.co.uk",
        "programme": "Computer Science",
        "courses": [
            "Calculus",
            "Algorithms",
            "Software Development",
            "Ethics"
        ]
    },
    {
        "id": 100,
        "firstName": "Oscar",
        "lastName": "Barclay",
        "email": "non.ante.bibendum@risusDonecegestas.edu",
        "programme": "Mechanical Engineering",
        "courses": [
            "Machine Element Design",
            "Engineering Analysis I",
            "Calculus & Linear Algebra I "
        ]
    },
    {
        "id": 101,
        "firstName": "Myles",
        "lastName": "Beacon",
        "email": "mbeacon0@ca.gov",
        "programme": "Manual Testing",
        "courses": [
            "Cucumber",
            "Rest Assured"
        ]
    },
    {
        "id": 103,
        "firstName": "Mohandas",
        "lastName": "McPhee",
        "email": "mmcphee1@blogs.com",
        "programme": "Accounts",
        "courses": [
            "Java",
            "C##"
        ]
    },
    {
        "id": 104,
        "firstName": "Dorisa",
        "lastName": "Chidwick",
        "email": "dchidwick2@issuu.com",
        "programme": "Automation Testing",
        "courses": [
            "Selenium",
            "C##"
        ]
    },
    {
        "id": 105,
        "firstName": "Rustin",
        "lastName": "Wapplington",
        "email": "rwapplington3@omniture.com",
        "programme": "Automation Testing",
        "courses": [
            "Cucumber",
            "C##"
        ]
    },
    {
        "id": 106,
        "firstName": "Luce",
        "lastName": "Chubb",
        "email": "lchubb4@boston.com",
        "programme": "Accounts",
        "courses": [
            "Selenium",
            "Appium"
        ]
    },
    {
        "id": 107,
        "firstName": "Francine",
        "lastName": "Lifton",
        "email": "flifton5@independent.co.uk",
        "programme": "Manual Testing",
        "courses": [
            "Selenium",
            "Appium"
        ]
    },
    {
        "id": 108,
        "firstName": "Dan",
        "lastName": "Feyer",
        "email": "dfeyer6@qq.com",
        "programme": "Accounts",
        "courses": [
            "Selenium",
            "Appium"
        ]
    },
    {
        "id": 109,
        "firstName": "Leeanne",
        "lastName": "Drewe",
        "email": "ldrewe7@goo.ne.jp",
        "programme": "Accounts",
        "courses": [
            "Selenium",
            "Rest Assured"
        ]
    },
    {
        "id": 110,
        "firstName": "Terrence",
        "lastName": "Tipple",
        "email": "ttipple8@wsj.com",
        "programme": "Automation Testing",
        "courses": [
            "Selenium",
            "C##"
        ]
    },
    {
        "id": 111,
        "firstName": "Harmonia",
        "lastName": "Scroxton",
        "email": "hscroxton9@taobao.com",
        "programme": "Automation Testing",
        "courses": [
            "Java",
            "Rest Assured"
        ]
    },
    {
        "id": 112,
        "firstName": "Anna-diane",
        "lastName": "Jellman",
        "email": "ajellmana@theatlantic.com",
        "programme": "Automation Testing",
        "courses": [
            "Java",
            "C##"
        ]
    },
    {
        "id": 113,
        "firstName": "Laurianne",
        "lastName": "Battey",
        "email": "lbatteyb@acquirethisname.com",
        "programme": "Automation Testing",
        "courses": [
            "Cucumber",
            "C##"
        ]
    },
    {
        "id": 114,
        "firstName": "Verena",
        "lastName": "Slimings",
        "email": "vslimingsc@businesswire.com",
        "programme": "Automation Testing",
        "courses": [
            "Selenium",
            "Appium"
        ]
    },
    {
        "id": 115,
        "firstName": "Patrizius",
        "lastName": "Naden",
        "email": "pnadend@tuttocitta.it",
        "programme": "Accounts",
        "courses": [
            "Selenium",
            "C##"
        ]
    },
    {
        "id": 116,
        "firstName": "Marin",
        "lastName": "Middlemass",
        "email": "mmiddlemasse@vistaprint.com",
        "programme": "Automation Testing",
        "courses": [
            "Java",
            "Appium"
        ]
    },
    {
        "id": 117,
        "firstName": "Beatrice",
        "lastName": "Spoward",
        "email": "bspowardf@wufoo.com",
        "programme": "Accounts",
        "courses": [
            "Selenium",
            "C##"
        ]
    },
    {
        "id": 118,
        "firstName": "John",
        "lastName": "Menhenitt",
        "email": "jmenhenittg@usa.gov",
        "programme": "Automation Testing",
        "courses": [
            "Java",
            "Rest Assured"
        ]
    },
    {
        "id": 119,
        "firstName": "Jeramey",
        "lastName": "Brodeau",
        "email": "jbrodeauh@people.com.cn",
        "programme": "Automation Testing",
        "courses": [
            "Java",
            "Rest Assured"
        ]
    },
    {
        "id": 120,
        "firstName": "Eugine",
        "lastName": "Tatam",
        "email": "etatami@xinhuanet.com",
        "programme": "Automation Testing",
        "courses": [
            "Selenium",
            "C##"
        ]
    },
    {
        "id": 121,
        "firstName": "Dorothea",
        "lastName": "Dunford",
        "email": "ddunfordj@lycos.com",
        "programme": "Accounts",
        "courses": [
            "Selenium",
            "Rest Assured"
        ]
    },
    {
        "id": 122,
        "firstName": "Bridget",
        "lastName": "Beteriss",
        "email": "bbeterissk@altervista.org",
        "programme": "Accounts",
        "courses": [
            "Cucumber",
            "Appium"
        ]
    },
    {
        "id": 123,
        "firstName": "Germayne",
        "lastName": "Foyster",
        "email": "gfoysterl@qq.com",
        "programme": "Manual Testing",
        "courses": [
            "Cucumber",
            "Appium"
        ]
    },
    {
        "id": 124,
        "firstName": "Rhoda",
        "lastName": "Drinkwater",
        "email": "rdrinkwaterm@is.gd",
        "programme": "Manual Testing",
        "courses": [
            "Java",
            "C##"
        ]
    },
    {
        "id": 125,
        "firstName": "Gardiner",
        "lastName": "Mitcham",
        "email": "gmitchamn@opensource.org",
        "programme": "Accounts",
        "courses": [
            "Selenium",
            "Rest Assured"
        ]
    },
    {
        "id": 126,
        "firstName": "Electra",
        "lastName": "Lyndon",
        "email": "elyndono@fastcompany.com",
        "programme": "Automation Testing",
        "courses": [
            "Selenium",
            "Rest Assured"
        ]
    },
    {
        "id": 127,
        "firstName": "Norton",
        "lastName": "Cotty",
        "email": "ncottyp@hc360.com",
        "programme": "Manual Testing",
        "courses": [
            "Selenium",
            "Rest Assured"
        ]
    },
    {
        "id": 128,
        "firstName": "Jard",
        "lastName": "Iacovolo",
        "email": "jiacovoloq@fema.gov",
        "programme": "Accounts",
        "courses": [
            "Selenium",
            "Rest Assured"
        ]
    },
    {
        "id": 129,
        "firstName": "Trudi",
        "lastName": "Deny",
        "email": "tdenyr@oaic.gov.au",
        "programme": "Accounts",
        "courses": [
            "Java",
            "Appium"
        ]
    },
    {
        "id": 130,
        "firstName": "Massimo",
        "lastName": "Powdrell",
        "email": "mpowdrells@google.com.br",
        "programme": "Accounts",
        "courses": [
            "Java",
            "Rest Assured"
        ]
    },
    {
        "id": 131,
        "firstName": "Berton",
        "lastName": "Rosenblath",
        "email": "brosenblatht@examiner.com",
        "programme": "Manual Testing",
        "courses": [
            "Selenium",
            "Rest Assured"
        ]
    },
    {
        "id": 132,
        "firstName": "Melany",
        "lastName": "Gaskins",
        "email": "mgaskinsu@lycos.com",
        "programme": "Accounts",
        "courses": [
            "Java",
            "C##"
        ]
    },
    {
        "id": 133,
        "firstName": "Nick",
        "lastName": "Flanaghan",
        "email": "nflanaghanv@miibeian.gov.cn",
        "programme": "Manual Testing",
        "courses": [
            "Java",
            "C##"
        ]
    },
    {
        "id": 134,
        "firstName": "Estevan",
        "lastName": "Dittson",
        "email": "edittsonw@ow.ly",
        "programme": "Automation Testing",
        "courses": [
            "Java",
            "Appium"
        ]
    },
    {
        "id": 135,
        "firstName": "Latisha",
        "lastName": "Cobbledick",
        "email": "lcobbledickx@t-online.de",
        "programme": "Accounts",
        "courses": [
            "Cucumber",
            "C##"
        ]
    },
    {
        "id": 136,
        "firstName": "Camilla",
        "lastName": "Scherer",
        "email": "cscherery@forbes.com",
        "programme": "Automation Testing",
        "courses": [
            "Selenium",
            "Rest Assured"
        ]
    },
    {
        "id": 137,
        "firstName": "Eloise",
        "lastName": "Fransseni",
        "email": "efransseniz@tiny.cc",
        "programme": "Automation Testing",
        "courses": [
            "Java",
            "C##"
        ]
    },
    {
        "id": 138,
        "firstName": "Phil",
        "lastName": "Bassill",
        "email": "pbassill10@abc.net.au",
        "programme": "Automation Testing",
        "courses": [
            "Cucumber",
            "C##"
        ]
    },
    {
        "id": 139,
        "firstName": "Sapphira",
        "lastName": "Penburton",
        "email": "spenburton11@washington.edu",
        "programme": "Manual Testing",
        "courses": [
            "Selenium",
            "Rest Assured"
        ]
    },
    {
        "id": 140,
        "firstName": "Romain",
        "lastName": "Lamperd",
        "email": "rlamperd12@scientificamerican.com",
        "programme": "Manual Testing",
        "courses": [
            "Selenium",
            "Rest Assured"
        ]
    },
    {
        "id": 141,
        "firstName": "Boycey",
        "lastName": "Bryning",
        "email": "bbryning13@vinaora.com",
        "programme": "Manual Testing",
        "courses": [
            "Java",
            "Appium"
        ]
    },
    {
        "id": 142,
        "firstName": "Adoree",
        "lastName": "De la Eglise",
        "email": "adelaeglise14@japanpost.jp",
        "programme": "Automation Testing",
        "courses": [
            "Java",
            "Appium"
        ]
    },
    {
        "id": 143,
        "firstName": "Laverne",
        "lastName": "Vane",
        "email": "lvane15@oakley.com",
        "programme": "Accounts",
        "courses": [
            "Java",
            "C##"
        ]
    },
    {
        "id": 144,
        "firstName": "Christabella",
        "lastName": "Meader",
        "email": "cmeader16@squarespace.com",
        "programme": "Manual Testing",
        "courses": [
            "Selenium",
            "Rest Assured"
        ]
    },
    {
        "id": 145,
        "firstName": "Lin",
        "lastName": "Trebbett",
        "email": "ltrebbett17@google.es",
        "programme": "Accounts",
        "courses": [
            "Selenium",
            "C##"
        ]
    },
    {
        "id": 146,
        "firstName": "Dari",
        "lastName": "Tremblett",
        "email": "dtremblett18@squarespace.com",
        "programme": "Automation Testing",
        "courses": [
            "Selenium",
            "C##"
        ]
    },
    {
        "id": 147,
        "firstName": "Herbert",
        "lastName": "Daventry",
        "email": "hdaventry19@squarespace.com",
        "programme": "Automation Testing",
        "courses": [
            "Java",
            "Rest Assured"
        ]
    },
    {
        "id": 148,
        "firstName": "Adrienne",
        "lastName": "Wylder",
        "email": "awylder1a@homestead.com",
        "programme": "Automation Testing",
        "courses": [
            "Cucumber",
            "Rest Assured"
        ]
    },
    {
        "id": 149,
        "firstName": "Hobart",
        "lastName": "Braunes",
        "email": "hbraunes1b@wordpress.com",
        "programme": "Manual Testing",
        "courses": [
            "Cucumber",
            "Appium"
        ]
    },
    {
        "id": 150,
        "firstName": "Starlin",
        "lastName": "Wimmer",
        "email": "swimmer1c@blogspot.com",
        "programme": "Automation Testing",
        "courses": [
            "Selenium",
            "Rest Assured"
        ]
    },
    {
        "id": 151,
        "firstName": "Rusty",
        "lastName": "Kerwick",
        "email": "rkerwick1d@hatena.ne.jp",
        "programme": "Manual Testing",
        "courses": [
            "Cucumber",
            "Rest Assured"
        ]
    },
    {
        "id": 152,
        "firstName": "Dorian",
        "lastName": "Heeney",
        "email": "dheeney1e@cnn.com",
        "programme": "Manual Testing",
        "courses": [
            "Java",
            "C##"
        ]
    },
    {
        "id": 153,
        "firstName": "Eunice",
        "lastName": "Stille",
        "email": "estille1f@skyrock.com",
        "programme": "Accounts",
        "courses": [
            "Java",
            "C##"
        ]
    },
    {
        "id": 154,
        "firstName": "Toddy",
        "lastName": "Girod",
        "email": "tgirod1g@people.com.cn",
        "programme": "Manual Testing",
        "courses": [
            "Selenium",
            "Appium"
        ]
    },
    {
        "id": 155,
        "firstName": "Helen",
        "lastName": "Antonchik",
        "email": "hantonchik1h@elpais.com",
        "programme": "Accounts",
        "courses": [
            "Java",
            "Appium"
        ]
    },
    {
        "id": 156,
        "firstName": "Roberto",
        "lastName": "Blacklidge",
        "email": "rblacklidge1i@scientificamerican.com",
        "programme": "Manual Testing",
        "courses": [
            "Cucumber",
            "Appium"
        ]
    },
    {
        "id": 157,
        "firstName": "Quintana",
        "lastName": "Mateuszczyk",
        "email": "qmateuszczyk1j@huffingtonpost.com",
        "programme": "Accounts",
        "courses": [
            "Java",
            "Rest Assured"
        ]
    },
    {
        "id": 158,
        "firstName": "Nomi",
        "lastName": "Buscombe",
        "email": "nbuscombe1k@state.gov",
        "programme": "Manual Testing",
        "courses": [
            "Cucumber",
            "C##"
        ]
    },
    {
        "id": 159,
        "firstName": "Alie",
        "lastName": "Bowsher",
        "email": "abowsher1l@seattletimes.com",
        "programme": "Automation Testing",
        "courses": [
            "Selenium",
            "Appium"
        ]
    },
    {
        "id": 160,
        "firstName": "Aldus",
        "lastName": "Sherman",
        "email": "asherman1m@who.int",
        "programme": "Accounts",
        "courses": [
            "Java",
            "Rest Assured"
        ]
    },
    {
        "id": 161,
        "firstName": "Jock",
        "lastName": "Rope",
        "email": "jrope1n@goodreads.com",
        "programme": "Manual Testing",
        "courses": [
            "Cucumber",
            "Appium"
        ]
    },
    {
        "id": 162,
        "firstName": "Billye",
        "lastName": "Font",
        "email": "bfont1o@ucoz.ru",
        "programme": "Manual Testing",
        "courses": [
            "Java",
            "C##"
        ]
    },
    {
        "id": 163,
        "firstName": "Keane",
        "lastName": "Edgcumbe",
        "email": "kedgcumbe1p@icio.us",
        "programme": "Manual Testing",
        "courses": [
            "Java",
            "C##"
        ]
    },
    {
        "id": 164,
        "firstName": "Zed",
        "lastName": "Absalom",
        "email": "zabsalom1q@nymag.com",
        "programme": "Manual Testing",
        "courses": [
            "Selenium",
            "Rest Assured"
        ]
    },
    {
        "id": 165,
        "firstName": "Simmonds",
        "lastName": "Laurand",
        "email": "slaurand1r@epa.gov",
        "programme": "Manual Testing",
        "courses": [
            "Java",
            "C##"
        ]
    },
    {
        "id": 166,
        "firstName": "Franny",
        "lastName": "Wicks",
        "email": "fwicks1s@sina.com.cn",
        "programme": "Automation Testing",
        "courses": [
            "Cucumber",
            "Appium"
        ]
    },
    {
        "id": 167,
        "firstName": "Robena",
        "lastName": "Venour",
        "email": "rvenour1t@washington.edu",
        "programme": "Accounts",
        "courses": [
            "Selenium",
            "C##"
        ]
    },
    {
        "id": 168,
        "firstName": "Petunia",
        "lastName": "Blues",
        "email": "pblues1u@freewebs.com",
        "programme": "Accounts",
        "courses": [
            "Selenium",
            "Rest Assured"
        ]
    },
    {
        "id": 169,
        "firstName": "Stanfield",
        "lastName": "Sprakes",
        "email": "ssprakes1v@skyrock.com",
        "programme": "Manual Testing",
        "courses": [
            "Cucumber",
            "Appium"
        ]
    },
    {
        "id": 170,
        "firstName": "Rod",
        "lastName": "Klementz",
        "email": "rklementz1w@sina.com.cn",
        "programme": "Accounts",
        "courses": [
            "Cucumber",
            "Appium"
        ]
    },
    {
        "id": 171,
        "firstName": "Hester",
        "lastName": "Calvert",
        "email": "hcalvert1x@quantcast.com",
        "programme": "Accounts",
        "courses": [
            "Java",
            "Rest Assured"
        ]
    },
    {
        "id": 172,
        "firstName": "Caria",
        "lastName": "Ruddom",
        "email": "cruddom1y@engadget.com",
        "programme": "Manual Testing",
        "courses": [
            "Selenium",
            "Appium"
        ]
    },
    {
        "id": 173,
        "firstName": "Trudi",
        "lastName": "Antosch",
        "email": "tantosch1z@cocolog-nifty.com",
        "programme": "Manual Testing",
        "courses": [
            "Cucumber",
            "C##"
        ]
    },
    {
        "id": 174,
        "firstName": "Marsha",
        "lastName": "Waterdrinker",
        "email": "mwaterdrinker20@nationalgeographic.com",
        "programme": "Accounts",
        "courses": [
            "Java",
            "Appium"
        ]
    },
    {
        "id": 175,
        "firstName": "Kirstyn",
        "lastName": "Gronowe",
        "email": "kgronowe21@redcross.org",
        "programme": "Manual Testing",
        "courses": [
            "Selenium",
            "Appium"
        ]
    },
    {
        "id": 176,
        "firstName": "Shelli",
        "lastName": "Barthel",
        "email": "sbarthel22@amazon.co.uk",
        "programme": "Automation Testing",
        "courses": [
            "Selenium",
            "Appium"
        ]
    },
    {
        "id": 177,
        "firstName": "Milissent",
        "lastName": "Critch",
        "email": "mcritch23@canalblog.com",
        "programme": "Automation Testing",
        "courses": [
            "Java",
            "Appium"
        ]
    },
    {
        "id": 178,
        "firstName": "Goldina",
        "lastName": "Oakden",
        "email": "goakden24@mediafire.com",
        "programme": "Accounts",
        "courses": [
            "Selenium",
            "Appium"
        ]
    },
    {
        "id": 179,
        "firstName": "Gerard",
        "lastName": "Reiach",
        "email": "greiach25@samsung.com",
        "programme": "Manual Testing",
        "courses": [
            "Cucumber",
            "Rest Assured"
        ]
    },
    {
        "id": 180,
        "firstName": "Ezri",
        "lastName": "Getsham",
        "email": "egetsham26@cdbaby.com",
        "programme": "Manual Testing",
        "courses": [
            "Selenium",
            "C##"
        ]
    },
    {
        "id": 181,
        "firstName": "Austin",
        "lastName": "Veltman",
        "email": "aveltman27@indiegogo.com",
        "programme": "Automation Testing",
        "courses": [
            "Java",
            "Rest Assured"
        ]
    },
    {
        "id": 182,
        "firstName": "Lizabeth",
        "lastName": "De Biasi",
        "email": "ldebiasi28@nsw.gov.au",
        "programme": "Manual Testing",
        "courses": [
            "Cucumber",
            "Rest Assured"
        ]
    },
    {
        "id": 183,
        "firstName": "Griffin",
        "lastName": "Dachs",
        "email": "gdachs29@bigcartel.com",
        "programme": "Manual Testing",
        "courses": [
            "Selenium",
            "C##"
        ]
    },
    {
        "id": 184,
        "firstName": "Muffin",
        "lastName": "Guyon",
        "email": "mguyon2a@webnode.com",
        "programme": "Accounts",
        "courses": [
            "Selenium",
            "Appium"
        ]
    },
    {
        "id": 185,
        "firstName": "Ferrell",
        "lastName": "Rowlstone",
        "email": "frowlstone2b@mayoclinic.com",
        "programme": "Accounts",
        "courses": [
            "Selenium",
            "Appium"
        ]
    },
    {
        "id": 186,
        "firstName": "Matti",
        "lastName": "Dumbarton",
        "email": "mdumbarton2c@mayoclinic.com",
        "programme": "Accounts",
        "courses": [
            "Selenium",
            "Rest Assured"
        ]
    },
    {
        "id": 187,
        "firstName": "Chrissy",
        "lastName": "Retchford",
        "email": "cretchford2d@seesaa.net",
        "programme": "Manual Testing",
        "courses": [
            "Selenium",
            "Rest Assured"
        ]
    },
    {
        "id": 188,
        "firstName": "Hans",
        "lastName": "Crighton",
        "email": "hcrighton2e@patch.com",
        "programme": "Manual Testing",
        "courses": [
            "Selenium",
            "C##"
        ]
    },
    {
        "id": 189,
        "firstName": "Bunni",
        "lastName": "Stenett",
        "email": "bstenett2f@elegantthemes.com",
        "programme": "Manual Testing",
        "courses": [
            "Java",
            "C##"
        ]
    },
    {
        "id": 190,
        "firstName": "Maurizia",
        "lastName": "Longworthy",
        "email": "mlongworthy2g@indiatimes.com",
        "programme": "Accounts",
        "courses": [
            "Selenium",
            "C##"
        ]
    },
    {
        "id": 191,
        "firstName": "Pamelina",
        "lastName": "Northam",
        "email": "pnortham2h@army.mil",
        "programme": "Automation Testing",
        "courses": [
            "Selenium",
            "C##"
        ]
    },
    {
        "id": 192,
        "firstName": "Mae",
        "lastName": "Jury",
        "email": "mjury2i@shareasale.com",
        "programme": "Automation Testing",
        "courses": [
            "Selenium",
            "C##"
        ]
    },
    {
        "id": 193,
        "firstName": "Karilynn",
        "lastName": "Colter",
        "email": "kcolter2j@webmd.com",
        "programme": "Accounts",
        "courses": [
            "Selenium",
            "C##"
        ]
    },
    {
        "id": 194,
        "firstName": "Korella",
        "lastName": "Hollington",
        "email": "khollington2k@livejournal.com",
        "programme": "Accounts",
        "courses": [
            "Selenium",
            "Appium"
        ]
    },
    {
        "id": 195,
        "firstName": "Matthus",
        "lastName": "Bride",
        "email": "mbride2l@washington.edu",
        "programme": "Automation Testing",
        "courses": [
            "Cucumber",
            "C##"
        ]
    },
    {
        "id": 196,
        "firstName": "Patsy",
        "lastName": "Cantos",
        "email": "pcantos2m@wufoo.com",
        "programme": "Accounts",
        "courses": [
            "Selenium",
            "Appium"
        ]
    },
    {
        "id": 197,
        "firstName": "Allix",
        "lastName": "Cluer",
        "email": "acluer2n@dmoz.org",
        "programme": "Accounts",
        "courses": [
            "Selenium",
            "Rest Assured"
        ]
    },
    {
        "id": 198,
        "firstName": "Katee",
        "lastName": "Lowres",
        "email": "klowres2o@devhub.com",
        "programme": "Accounts",
        "courses": [
            "Selenium",
            "Appium"
        ]
    },
    {
        "id": 199,
        "firstName": "Benedikta",
        "lastName": "Le Noury",
        "email": "blenoury2p@icq.com",
        "programme": "Accounts",
        "courses": [
            "Java",
            "Rest Assured"
        ]
    },
    {
        "id": 200,
        "firstName": "Damon",
        "lastName": "Brockelsby",
        "email": "dbrockelsby2q@bandcamp.com",
        "programme": "Automation Testing",
        "courses": [
            "Selenium",
            "Rest Assured"
        ]
    },
    {
        "id": 201,
        "firstName": "Yorgos",
        "lastName": "Risebarer",
        "email": "yrisebarer2r@fc2.com",
        "programme": "Accounts",
        "courses": [
            "Java",
            "Rest Assured"
        ]
    },
    {
        "id": 203,
        "firstName": "PrimUser7997",
        "lastName": "PrimeUser9641",
        "email": "4430xyz@gmail.com",
        "programme": "Api Testing",
        "courses": [
            "Scala",
            "Java"
        ]
    },
    {
        "id": 210,
        "firstName": "Prime",
        "lastName": "prime1",
        "email": "prime1@gmail.com",
        "programme": "Computer Science",
        "courses": [
            "JAVA"
        ]
    },
    {
        "id": 211,
        "firstName": "Prime2",
        "lastName": "prime3",
        "email": "prime2@gmail.com",
        "programme": "Api Testing",
        "courses": [
            "Python"
        ]
    },
    {
        "id": 212,
        "firstName": "Prime",
        "lastName": "prime1",
        "email": "98055prime1@gmail.com",
        "programme": "Computer Science",
        "courses": [
            "JAVA"
        ]
    },
    {
        "id": 213,
        "firstName": "Prime2",
        "lastName": "prime3",
        "email": "73004prime2@gmail.com",
        "programme": "Api Testing",
        "courses": [
            "Python"
        ]
    },
    {
        "id": 214,
        "firstName": "Prime",
        "lastName": "prime1",
        "email": "77067prime1@gmail.com",
        "programme": "Computer Science",
        "courses": [
            "JAVA"
        ]
    },
    {
        "id": 215,
        "firstName": "Prime2",
        "lastName": "prime3",
        "email": "20547prime2@gmail.com",
        "programme": "Api Testing",
        "courses": [
            "Python"
        ]
    }
]
]]></system-out>
  </testcase>
</testsuite>